2019-02-28 10:53:24 DEBUG StandardEnvironment:110 - Adding PropertySource 'systemProperties' with lowest search precedence
2019-02-28 10:53:24 DEBUG StandardEnvironment:110 - Adding PropertySource 'systemEnvironment' with lowest search precedence
2019-02-28 10:53:24 DEBUG StandardEnvironment:126 - Initialized StandardEnvironment with PropertySources [MapPropertySource@1156060786 {name='systemProperties', properties={java.runtime.name=Java(TM) SE Runtime Environment, sun.boot.library.path=C:\Program Files\Java\jdk1.8.0_181\jre\bin, java.vm.version=25.181-b13, java.vm.vendor=Oracle Corporation, java.vendor.url=http://java.oracle.com/, path.separator=;, java.vm.name=Java HotSpot(TM) 64-Bit Server VM, file.encoding.pkg=sun.io, user.country=CN, user.script=, sun.java.launcher=SUN_STANDARD, sun.os.patch.level=, java.vm.specification.name=Java Virtual Machine Specification, user.dir=D:\springstudy\helloword, java.runtime.version=1.8.0_181-b13, java.awt.graphicsenv=sun.awt.Win32GraphicsEnvironment, java.endorsed.dirs=C:\Program Files\Java\jdk1.8.0_181\jre\lib\endorsed, os.arch=amd64, java.io.tmpdir=E:\临时文件\Temp\, line.separator=
, java.vm.specification.vendor=Oracle Corporation, user.variant=, os.name=Windows 10, sun.jnu.encoding=GBK, java.library.path=C:\Program Files\Java\jdk1.8.0_181\bin;C:\WINDOWS\Sun\Java\bin;C:\WINDOWS\system32;C:\WINDOWS;C:\Program Files\Microsoft MPI\Bin\;C:\Program Files (x86)\Common Files\Oracle\Java\javapath;C:\ProgramData\Oracle\Java\javapath;C:\Program Files (x86)\Intel\iCLS Client\;C:\Program Files\Intel\iCLS Client\;C:\Windows\system32;C:\Windows;C:\Windows\System32\Wbem;C:\Windows\System32\WindowsPowerShell\v1.0\;C:\Program Files (x86)\NVIDIA Corporation\PhysX\Common;C:\Program Files (x86)\Intel\Intel(R) Management Engine Components\DAL;C:\Program Files\Intel\Intel(R) Management Engine Components\DAL;C:\Program Files (x86)\Intel\Intel(R) Management Engine Components\IPT;C:\Program Files\Intel\Intel(R) Management Engine Components\IPT;C:\Program Files\Intel\WiFi\bin\;C:\Program Files\Common Files\Intel\WirelessCommon\;C:\WINDOWS\system32;C:\WINDOWS;C:\WINDOWS\System32\Wbem;C:\WINDOWS\System32\WindowsPowerShell\v1.0\;C:\WINDOWS\System32\OpenSSH\;C:\Program Files\MySQL\MySQL Utilities 1.6\;D:\lanmoyunziliao\git\Git\cmd;C:\Users\曽志航\AppData\Local\Microsoft\WindowsApps;"C:\Program Files\Java\jdk1.8.0_181\bin;C:\Program Files\Java\jdk1.8.0_181\jre\bin";";D:\apache-tomcat-9.0.11\bin;D:\apache-tomcat-9.0.11\lib";D:\apache-tomcat-9.0.11\bin;;., java.specification.name=Java Platform API Specification, java.class.version=52.0, sun.management.compiler=HotSpot 64-Bit Tiered Compilers, os.version=10.0, user.home=C:\Users\曽志航, user.timezone=Asia/Shanghai, java.awt.printerjob=sun.awt.windows.WPrinterJob, file.encoding=UTF-8, java.specification.version=1.8, java.class.path=C:\Program Files\Java\jdk1.8.0_181\jre\lib\charsets.jar;C:\Program Files\Java\jdk1.8.0_181\jre\lib\deploy.jar;C:\Program Files\Java\jdk1.8.0_181\jre\lib\ext\access-bridge-64.jar;C:\Program Files\Java\jdk1.8.0_181\jre\lib\ext\cldrdata.jar;C:\Program Files\Java\jdk1.8.0_181\jre\lib\ext\dnsns.jar;C:\Program Files\Java\jdk1.8.0_181\jre\lib\ext\jaccess.jar;C:\Program Files\Java\jdk1.8.0_181\jre\lib\ext\jfxrt.jar;C:\Program Files\Java\jdk1.8.0_181\jre\lib\ext\localedata.jar;C:\Program Files\Java\jdk1.8.0_181\jre\lib\ext\nashorn.jar;C:\Program Files\Java\jdk1.8.0_181\jre\lib\ext\sunec.jar;C:\Program Files\Java\jdk1.8.0_181\jre\lib\ext\sunjce_provider.jar;C:\Program Files\Java\jdk1.8.0_181\jre\lib\ext\sunmscapi.jar;C:\Program Files\Java\jdk1.8.0_181\jre\lib\ext\sunpkcs11.jar;C:\Program Files\Java\jdk1.8.0_181\jre\lib\ext\zipfs.jar;C:\Program Files\Java\jdk1.8.0_181\jre\lib\javaws.jar;C:\Program Files\Java\jdk1.8.0_181\jre\lib\jce.jar;C:\Program Files\Java\jdk1.8.0_181\jre\lib\jfr.jar;C:\Program Files\Java\jdk1.8.0_181\jre\lib\jfxswt.jar;C:\Program Files\Java\jdk1.8.0_181\jre\lib\jsse.jar;C:\Program Files\Java\jdk1.8.0_181\jre\lib\management-agent.jar;C:\Program Files\Java\jdk1.8.0_181\jre\lib\plugin.jar;C:\Program Files\Java\jdk1.8.0_181\jre\lib\resources.jar;C:\Program Files\Java\jdk1.8.0_181\jre\lib\rt.jar;D:\springstudy\helloword\target\classes;D:\maven.jar\org\springframework\spring-context\5.0.10.RELEASE\spring-context-5.0.10.RELEASE.jar;D:\maven.jar\org\springframework\spring-aop\5.0.10.RELEASE\spring-aop-5.0.10.RELEASE.jar;D:\maven.jar\org\springframework\spring-beans\5.0.10.RELEASE\spring-beans-5.0.10.RELEASE.jar;D:\maven.jar\org\springframework\spring-core\5.0.10.RELEASE\spring-core-5.0.10.RELEASE.jar;D:\maven.jar\org\springframework\spring-jcl\5.0.10.RELEASE\spring-jcl-5.0.10.RELEASE.jar;D:\maven.jar\org\springframework\spring-expression\5.0.10.RELEASE\spring-expression-5.0.10.RELEASE.jar;D:\maven.jar\org\projectlombok\lombok\1.16.18\lombok-1.16.18.jar;D:\maven.jar\org\slf4j\slf4j-api\1.6.6\slf4j-api-1.6.6.jar;D:\maven.jar\org\slf4j\slf4j-log4j12\1.6.6\slf4j-log4j12-1.6.6.jar;D:\maven.jar\log4j\log4j\1.2.16\log4j-1.2.16.jar;D:\ideaSrc\IntelliJ IDEA 2018.2.2\lib\idea_rt.jar, user.name=曽志航, java.vm.specification.version=1.8, sun.java.command=com.spring.annotation.StudentApp, java.home=C:\Program Files\Java\jdk1.8.0_181\jre, sun.arch.data.model=64, user.language=zh, java.specification.vendor=Oracle Corporation, awt.toolkit=sun.awt.windows.WToolkit, java.vm.info=mixed mode, java.version=1.8.0_181, java.ext.dirs=C:\Program Files\Java\jdk1.8.0_181\jre\lib\ext;C:\WINDOWS\Sun\Java\lib\ext, sun.boot.class.path=C:\Program Files\Java\jdk1.8.0_181\jre\lib\resources.jar;C:\Program Files\Java\jdk1.8.0_181\jre\lib\rt.jar;C:\Program Files\Java\jdk1.8.0_181\jre\lib\sunrsasign.jar;C:\Program Files\Java\jdk1.8.0_181\jre\lib\jsse.jar;C:\Program Files\Java\jdk1.8.0_181\jre\lib\jce.jar;C:\Program Files\Java\jdk1.8.0_181\jre\lib\charsets.jar;C:\Program Files\Java\jdk1.8.0_181\jre\lib\jfr.jar;C:\Program Files\Java\jdk1.8.0_181\jre\classes, java.vendor=Oracle Corporation, file.separator=\, java.vendor.url.bug=http://bugreport.sun.com/bugreport/, sun.io.unicode.encoding=UnicodeLittle, sun.cpu.endian=little, sun.desktop=windows, sun.cpu.isalist=amd64}}, SystemEnvironmentPropertySource@1612799726 {name='systemEnvironment', properties={USERDOMAIN_ROAMINGPROFILE=DESKTOP-1VEH0DF, LOCALAPPDATA=C:\Users\曽志航\AppData\Local, MSMPI_BIN=C:\Program Files\Microsoft MPI\Bin\, PROCESSOR_LEVEL=6, USERDOMAIN=DESKTOP-1VEH0DF, FPS_BROWSER_APP_PROFILE_STRING=Internet Explorer, LOGONSERVER=\\DESKTOP-1VEH0DF, JAVA_HOME=C:\Program Files\Java\jdk1.8.0_181, SESSIONNAME=Console, ALLUSERSPROFILE=C:\ProgramData, PROCESSOR_ARCHITECTURE=AMD64, PSModulePath=C:\Program Files\WindowsPowerShell\Modules;C:\WINDOWS\system32\WindowsPowerShell\v1.0\Modules, SystemDrive=C:, OneDrive=C:\Users\曽志航\OneDrive, APPDATA=C:\Users\曽志航\AppData\Roaming, USERNAME=曽志航, TOMCAT_HOME=D:\apache-tomcat-9.0.11, ProgramFiles(x86)=C:\Program Files (x86), CommonProgramFiles=C:\Program Files\Common Files, Path=C:\Program Files\Microsoft MPI\Bin\;C:\Program Files (x86)\Common Files\Oracle\Java\javapath;C:\ProgramData\Oracle\Java\javapath;C:\Program Files (x86)\Intel\iCLS Client\;C:\Program Files\Intel\iCLS Client\;C:\Windows\system32;C:\Windows;C:\Windows\System32\Wbem;C:\Windows\System32\WindowsPowerShell\v1.0\;C:\Program Files (x86)\NVIDIA Corporation\PhysX\Common;C:\Program Files (x86)\Intel\Intel(R) Management Engine Components\DAL;C:\Program Files\Intel\Intel(R) Management Engine Components\DAL;C:\Program Files (x86)\Intel\Intel(R) Management Engine Components\IPT;C:\Program Files\Intel\Intel(R) Management Engine Components\IPT;C:\Program Files\Intel\WiFi\bin\;C:\Program Files\Common Files\Intel\WirelessCommon\;C:\WINDOWS\system32;C:\WINDOWS;C:\WINDOWS\System32\Wbem;C:\WINDOWS\System32\WindowsPowerShell\v1.0\;C:\WINDOWS\System32\OpenSSH\;C:\Program Files\MySQL\MySQL Utilities 1.6\;D:\lanmoyunziliao\git\Git\cmd;C:\Users\曽志航\AppData\Local\Microsoft\WindowsApps;"C:\Program Files\Java\jdk1.8.0_181\bin;C:\Program Files\Java\jdk1.8.0_181\jre\bin";";D:\apache-tomcat-9.0.11\bin;D:\apache-tomcat-9.0.11\lib";D:\apache-tomcat-9.0.11\bin;, FPS_BROWSER_USER_PROFILE_STRING=Default, PATHEXT=.COM;.EXE;.BAT;.CMD;.VBS;.VBE;.JS;.JSE;.WSF;.WSH;.MSC, DriverData=C:\Windows\System32\Drivers\DriverData, OS=Windows_NT, OneDriveConsumer=C:\Users\曽志航\OneDrive, COMPUTERNAME=DESKTOP-1VEH0DF, CATALINA_HOME=D:\apache-tomcat-9.0.11, PROCESSOR_REVISION=9e09, CLASSPATH=.;C:\Program Files\Java\jdk1.8.0_181\lib\dt.jar;C:\Program Files\Java\jdk1.8.0_181\lib\tools.jar, CommonProgramW6432=C:\Program Files\Common Files, ComSpec=C:\WINDOWS\system32\cmd.exe, ProgramData=C:\ProgramData, ProgramW6432=C:\Program Files, =D:=D:\, HOMEPATH=\Users\曽志航, SystemRoot=C:\WINDOWS, TEMP=E:\临时文件\Temp, HOMEDRIVE=C:, PROCESSOR_IDENTIFIER=Intel64 Family 6 Model 158 Stepping 9, GenuineIntel, USERPROFILE=C:\Users\曽志航, TMP=E:\临时文件\Temp, CommonProgramFiles(x86)=C:\Program Files (x86)\Common Files, ProgramFiles=C:\Program Files, PUBLIC=C:\Users\Public, NUMBER_OF_PROCESSORS=8, windir=C:\WINDOWS, =::=::\}}]
2019-02-28 10:53:25  INFO AnnotationConfigApplicationContext:588 - Refreshing org.springframework.context.annotation.AnnotationConfigApplicationContext@1c655221: startup date [Thu Feb 28 10:53:25 CST 2019]; root of context hierarchy
2019-02-28 10:53:25 DEBUG AnnotationConfigApplicationContext:622 - Bean factory for org.springframework.context.annotation.AnnotationConfigApplicationContext@1c655221: org.springframework.beans.factory.support.DefaultListableBeanFactory@51081592: defining beans [org.springframework.context.annotation.internalConfigurationAnnotationProcessor,org.springframework.context.annotation.internalAutowiredAnnotationProcessor,org.springframework.context.annotation.internalRequiredAnnotationProcessor,org.springframework.context.annotation.internalCommonAnnotationProcessor,org.springframework.context.event.internalEventListenerProcessor,org.springframework.context.event.internalEventListenerFactory,studentApp]; root of factory hierarchy
2019-02-28 10:53:25 DEBUG DefaultListableBeanFactory:213 - Creating shared instance of singleton bean 'org.springframework.context.annotation.internalConfigurationAnnotationProcessor'
2019-02-28 10:53:25 DEBUG DefaultListableBeanFactory:460 - Creating instance of bean 'org.springframework.context.annotation.internalConfigurationAnnotationProcessor'
2019-02-28 10:53:25 DEBUG DefaultListableBeanFactory:563 - Eagerly caching bean 'org.springframework.context.annotation.internalConfigurationAnnotationProcessor' to allow for resolving potential circular references
2019-02-28 10:53:25 DEBUG DefaultListableBeanFactory:497 - Finished creating instance of bean 'org.springframework.context.annotation.internalConfigurationAnnotationProcessor'
2019-02-28 10:53:25 DEBUG PathMatchingResourcePatternResolver:321 - Resolved classpath location [com/spring/annotation/] to resources [URL [file:/D:/springstudy/helloword/target/classes/com/spring/annotation/]]
2019-02-28 10:53:25 DEBUG PathMatchingResourcePatternResolver:721 - Looking for matching resources in directory tree [D:\springstudy\helloword\target\classes\com\spring\annotation]
2019-02-28 10:53:25 DEBUG PathMatchingResourcePatternResolver:783 - Searching directory [D:\springstudy\helloword\target\classes\com\spring\annotation] for files matching pattern [D:/springstudy/helloword/target/classes/com/spring/annotation/**/*.class]
2019-02-28 10:53:25 DEBUG PathMatchingResourcePatternResolver:514 - Resolved location pattern [classpath*:com/spring/annotation/**/*.class] to resources [file [D:\springstudy\helloword\target\classes\com\spring\annotation\Hello.class], file [D:\springstudy\helloword\target\classes\com\spring\annotation\HelloApp.class], file [D:\springstudy\helloword\target\classes\com\spring\annotation\Phone.class], file [D:\springstudy\helloword\target\classes\com\spring\annotation\Student.class], file [D:\springstudy\helloword\target\classes\com\spring\annotation\StudentApp.class]]
2019-02-28 10:53:25 DEBUG ClassPathBeanDefinitionScanner:437 - Identified candidate component class: file [D:\springstudy\helloword\target\classes\com\spring\annotation\Hello.class]
2019-02-28 10:53:25 DEBUG ClassPathBeanDefinitionScanner:437 - Identified candidate component class: file [D:\springstudy\helloword\target\classes\com\spring\annotation\Phone.class]
2019-02-28 10:53:25 DEBUG ClassPathBeanDefinitionScanner:437 - Identified candidate component class: file [D:\springstudy\helloword\target\classes\com\spring\annotation\Student.class]
2019-02-28 10:53:25 DEBUG DefaultListableBeanFactory:213 - Creating shared instance of singleton bean 'org.springframework.context.annotation.internalAutowiredAnnotationProcessor'
2019-02-28 10:53:25 DEBUG DefaultListableBeanFactory:460 - Creating instance of bean 'org.springframework.context.annotation.internalAutowiredAnnotationProcessor'
2019-02-28 10:53:25 DEBUG DefaultListableBeanFactory:563 - Eagerly caching bean 'org.springframework.context.annotation.internalAutowiredAnnotationProcessor' to allow for resolving potential circular references
2019-02-28 10:53:25 DEBUG DefaultListableBeanFactory:497 - Finished creating instance of bean 'org.springframework.context.annotation.internalAutowiredAnnotationProcessor'
2019-02-28 10:53:25 DEBUG DefaultListableBeanFactory:213 - Creating shared instance of singleton bean 'org.springframework.context.annotation.internalRequiredAnnotationProcessor'
2019-02-28 10:53:25 DEBUG DefaultListableBeanFactory:460 - Creating instance of bean 'org.springframework.context.annotation.internalRequiredAnnotationProcessor'
2019-02-28 10:53:25 DEBUG DefaultListableBeanFactory:563 - Eagerly caching bean 'org.springframework.context.annotation.internalRequiredAnnotationProcessor' to allow for resolving potential circular references
2019-02-28 10:53:25 DEBUG DefaultListableBeanFactory:497 - Finished creating instance of bean 'org.springframework.context.annotation.internalRequiredAnnotationProcessor'
2019-02-28 10:53:25 DEBUG DefaultListableBeanFactory:213 - Creating shared instance of singleton bean 'org.springframework.context.annotation.internalCommonAnnotationProcessor'
2019-02-28 10:53:25 DEBUG DefaultListableBeanFactory:460 - Creating instance of bean 'org.springframework.context.annotation.internalCommonAnnotationProcessor'
2019-02-28 10:53:25 DEBUG DefaultListableBeanFactory:563 - Eagerly caching bean 'org.springframework.context.annotation.internalCommonAnnotationProcessor' to allow for resolving potential circular references
2019-02-28 10:53:25 DEBUG DefaultListableBeanFactory:497 - Finished creating instance of bean 'org.springframework.context.annotation.internalCommonAnnotationProcessor'
2019-02-28 10:53:25 DEBUG AnnotationConfigApplicationContext:739 - Unable to locate MessageSource with name 'messageSource': using default [org.springframework.context.support.DelegatingMessageSource@306279ee]
2019-02-28 10:53:25 DEBUG AnnotationConfigApplicationContext:763 - Unable to locate ApplicationEventMulticaster with name 'applicationEventMulticaster': using default [org.springframework.context.event.SimpleApplicationEventMulticaster@df27fae]
2019-02-28 10:53:25 DEBUG DefaultListableBeanFactory:728 - Pre-instantiating singletons in org.springframework.beans.factory.support.DefaultListableBeanFactory@51081592: defining beans [org.springframework.context.annotation.internalConfigurationAnnotationProcessor,org.springframework.context.annotation.internalAutowiredAnnotationProcessor,org.springframework.context.annotation.internalRequiredAnnotationProcessor,org.springframework.context.annotation.internalCommonAnnotationProcessor,org.springframework.context.event.internalEventListenerProcessor,org.springframework.context.event.internalEventListenerFactory,studentApp,hello,phone,student]; root of factory hierarchy
2019-02-28 10:53:25 DEBUG DefaultListableBeanFactory:254 - Returning cached instance of singleton bean 'org.springframework.context.annotation.internalConfigurationAnnotationProcessor'
2019-02-28 10:53:25 DEBUG DefaultListableBeanFactory:254 - Returning cached instance of singleton bean 'org.springframework.context.annotation.internalAutowiredAnnotationProcessor'
2019-02-28 10:53:25 DEBUG DefaultListableBeanFactory:254 - Returning cached instance of singleton bean 'org.springframework.context.annotation.internalRequiredAnnotationProcessor'
2019-02-28 10:53:25 DEBUG DefaultListableBeanFactory:254 - Returning cached instance of singleton bean 'org.springframework.context.annotation.internalCommonAnnotationProcessor'
2019-02-28 10:53:25 DEBUG DefaultListableBeanFactory:213 - Creating shared instance of singleton bean 'org.springframework.context.event.internalEventListenerProcessor'
2019-02-28 10:53:25 DEBUG DefaultListableBeanFactory:460 - Creating instance of bean 'org.springframework.context.event.internalEventListenerProcessor'
2019-02-28 10:53:25 DEBUG DefaultListableBeanFactory:563 - Eagerly caching bean 'org.springframework.context.event.internalEventListenerProcessor' to allow for resolving potential circular references
2019-02-28 10:53:25 DEBUG DefaultListableBeanFactory:497 - Finished creating instance of bean 'org.springframework.context.event.internalEventListenerProcessor'
2019-02-28 10:53:25 DEBUG DefaultListableBeanFactory:213 - Creating shared instance of singleton bean 'org.springframework.context.event.internalEventListenerFactory'
2019-02-28 10:53:25 DEBUG DefaultListableBeanFactory:460 - Creating instance of bean 'org.springframework.context.event.internalEventListenerFactory'
2019-02-28 10:53:25 DEBUG DefaultListableBeanFactory:563 - Eagerly caching bean 'org.springframework.context.event.internalEventListenerFactory' to allow for resolving potential circular references
2019-02-28 10:53:25 DEBUG DefaultListableBeanFactory:497 - Finished creating instance of bean 'org.springframework.context.event.internalEventListenerFactory'
2019-02-28 10:53:25 DEBUG DefaultListableBeanFactory:213 - Creating shared instance of singleton bean 'studentApp'
2019-02-28 10:53:25 DEBUG DefaultListableBeanFactory:460 - Creating instance of bean 'studentApp'
2019-02-28 10:53:25 DEBUG DefaultListableBeanFactory:563 - Eagerly caching bean 'studentApp' to allow for resolving potential circular references
2019-02-28 10:53:25 DEBUG DefaultListableBeanFactory:497 - Finished creating instance of bean 'studentApp'
2019-02-28 10:53:25 DEBUG DefaultListableBeanFactory:213 - Creating shared instance of singleton bean 'hello'
2019-02-28 10:53:25 DEBUG DefaultListableBeanFactory:460 - Creating instance of bean 'hello'
2019-02-28 10:53:25 DEBUG DefaultListableBeanFactory:563 - Eagerly caching bean 'hello' to allow for resolving potential circular references
2019-02-28 10:53:25 DEBUG DefaultListableBeanFactory:497 - Finished creating instance of bean 'hello'
2019-02-28 10:53:25 DEBUG DefaultListableBeanFactory:213 - Creating shared instance of singleton bean 'phone'
2019-02-28 10:53:25 DEBUG DefaultListableBeanFactory:460 - Creating instance of bean 'phone'
2019-02-28 10:53:25 DEBUG InjectionMetadata:74 - Registered injected element on class [com.spring.annotation.Phone]: AutowiredFieldElement for private java.lang.String com.spring.annotation.Phone.brand
2019-02-28 10:53:25 DEBUG InjectionMetadata:74 - Registered injected element on class [com.spring.annotation.Phone]: AutowiredFieldElement for private double com.spring.annotation.Phone.price
2019-02-28 10:53:25 DEBUG DefaultListableBeanFactory:563 - Eagerly caching bean 'phone' to allow for resolving potential circular references
2019-02-28 10:53:25 DEBUG InjectionMetadata:88 - Processing injected element of bean 'phone': AutowiredFieldElement for private java.lang.String com.spring.annotation.Phone.brand
2019-02-28 10:53:25 DEBUG InjectionMetadata:88 - Processing injected element of bean 'phone': AutowiredFieldElement for private double com.spring.annotation.Phone.price
2019-02-28 10:53:25 DEBUG DefaultListableBeanFactory:497 - Finished creating instance of bean 'phone'
2019-02-28 10:53:25 DEBUG DefaultListableBeanFactory:213 - Creating shared instance of singleton bean 'student'
2019-02-28 10:53:25 DEBUG DefaultListableBeanFactory:460 - Creating instance of bean 'student'
2019-02-28 10:53:25 DEBUG InjectionMetadata:74 - Registered injected element on class [com.spring.annotation.Student]: AutowiredFieldElement for private java.lang.String com.spring.annotation.Student.name
2019-02-28 10:53:25 DEBUG InjectionMetadata:74 - Registered injected element on class [com.spring.annotation.Student]: AutowiredFieldElement for private int com.spring.annotation.Student.age
2019-02-28 10:53:25 DEBUG InjectionMetadata:74 - Registered injected element on class [com.spring.annotation.Student]: AutowiredFieldElement for private com.spring.annotation.Phone com.spring.annotation.Student.phone
2019-02-28 10:53:25 DEBUG DefaultListableBeanFactory:563 - Eagerly caching bean 'student' to allow for resolving potential circular references
2019-02-28 10:53:25 DEBUG InjectionMetadata:88 - Processing injected element of bean 'student': AutowiredFieldElement for private java.lang.String com.spring.annotation.Student.name
2019-02-28 10:53:25 DEBUG InjectionMetadata:88 - Processing injected element of bean 'student': AutowiredFieldElement for private int com.spring.annotation.Student.age
2019-02-28 10:53:25 DEBUG InjectionMetadata:88 - Processing injected element of bean 'student': AutowiredFieldElement for private com.spring.annotation.Phone com.spring.annotation.Student.phone
2019-02-28 10:53:25 DEBUG DefaultListableBeanFactory:254 - Returning cached instance of singleton bean 'phone'
2019-02-28 10:53:25 DEBUG AutowiredAnnotationBeanPostProcessor:527 - Autowiring by type from bean name 'student' to bean named 'phone'
2019-02-28 10:53:25 DEBUG DefaultListableBeanFactory:497 - Finished creating instance of bean 'student'
2019-02-28 10:53:25 DEBUG DefaultListableBeanFactory:254 - Returning cached instance of singleton bean 'org.springframework.context.event.internalEventListenerFactory'
2019-02-28 10:53:25 DEBUG AnnotationConfigApplicationContext:790 - Unable to locate LifecycleProcessor with name 'lifecycleProcessor': using default [org.springframework.context.support.DefaultLifecycleProcessor@25359ed8]
2019-02-28 10:53:25 DEBUG DefaultListableBeanFactory:254 - Returning cached instance of singleton bean 'lifecycleProcessor'
2019-02-28 10:53:25 DEBUG PropertySourcesPropertyResolver:96 - Could not find key 'spring.liveBeansView.mbeanDomain' in any property source
2019-02-28 10:53:25 DEBUG DefaultListableBeanFactory:254 - Returning cached instance of singleton bean 'student'
